<?xml version="1.0" encoding="UTF-8"?>
<!-- Generated by org.testng.reporters.JUnitReportReporter -->
<testsuite skipped="0" hostname="bogon" name="com.liuzhe.testdemo.LoginTest" tests="1" failures="0" timestamp="21 Feb 2019 15:29:26 GMT" time="7.741" errors="0">
  <testcase name="test" time="7.741" classname="com.liuzhe.testdemo.LoginTest"/>
</testsuite> <!-- com.liuzhe.testdemo.LoginTest -->
