<?xml version="1.0" encoding="UTF-8"?>
<!-- Generated by org.testng.reporters.JUnitReportReporter -->
<testsuite skipped="0" hostname="bogon" name="LoginTest" tests="1" failures="0" timestamp="21 Feb 2019 14:50:12 GMT" time="5.821" errors="0">
  <testcase name="test" time="5.821" classname="LoginTest"/>
</testsuite> <!-- LoginTest -->
